2019-03-08 00:26:47.848  INFO 12548 --- [Thread-57] o.s.s.concurrent.ThreadPoolTaskExecutor  : Shutting down ExecutorService 'applicationTaskExecutor'
2019-03-08 00:26:47.889  INFO 12548 --- [Thread-57] com.alibaba.druid.pool.DruidDataSource   : {dataSource-7} closed
2019-03-08 00:26:48.215 DEBUG 12548 --- [restartedMain] c.p.gcw.GetCurrentWeatherApplication     : gcw system start...
2019-03-08 00:26:48.281  INFO 12548 --- [restartedMain] c.p.gcw.GetCurrentWeatherApplication     : Starting GetCurrentWeatherApplication on DESKTOP-FA5MHDS with PID 12548 (C:\study\workspace-os\GetCurrentWeather\target\classes started by dac in C:\study\workspace-os\GetCurrentWeather)
2019-03-08 00:26:48.281 DEBUG 12548 --- [restartedMain] c.p.gcw.GetCurrentWeatherApplication     : Running with Spring Boot v2.1.3.RELEASE, Spring v5.1.5.RELEASE
2019-03-08 00:26:48.281  INFO 12548 --- [restartedMain] c.p.gcw.GetCurrentWeatherApplication     : No active profile set, falling back to default profiles: default
2019-03-08 00:26:49.032  WARN 12548 --- [restartedMain] o.m.s.mapper.ClassPathMapperScanner      : No MyBatis mapper was found in '[com.pactera.gcw]' package. Please check your configuration.
2019-03-08 00:26:49.123  INFO 12548 --- [restartedMain] o.s.c.a.ConfigurationClassPostProcessor  : Cannot enhance @Configuration bean definition 'myBatisMapperScannerConfig' since its singleton instance has been created too early. The typical cause is a non-static @Bean method with a BeanDefinitionRegistryPostProcessor return type: Consider declaring such methods as 'static'.
2019-03-08 00:26:49.163  INFO 12548 --- [restartedMain] trationDelegate$BeanPostProcessorChecker : Bean 'druidDBConfig' of type [com.pactera.gcw.common.DruidDBConfig$$EnhancerBySpringCGLIB$$484bc67a] is not eligible for getting processed by all BeanPostProcessors (for example: not eligible for auto-proxying)
2019-03-08 00:26:49.164  INFO 12548 --- [restartedMain] trationDelegate$BeanPostProcessorChecker : Bean 'myBatisConfig' of type [com.pactera.gcw.common.MyBatisConfig$$EnhancerBySpringCGLIB$$f5e02c4d] is not eligible for getting processed by all BeanPostProcessors (for example: not eligible for auto-proxying)
2019-03-08 00:26:49.217  INFO 12548 --- [restartedMain] com.alibaba.druid.pool.DruidDataSource   : {dataSource-8} inited
2019-03-08 00:26:49.227  INFO 12548 --- [restartedMain] trationDelegate$BeanPostProcessorChecker : Bean 'dataSource' of type [com.alibaba.druid.pool.DruidDataSource] is not eligible for getting processed by all BeanPostProcessors (for example: not eligible for auto-proxying)
2019-03-08 00:26:49.236  INFO 12548 --- [restartedMain] trationDelegate$BeanPostProcessorChecker : Bean 'spring.datasource-org.springframework.boot.autoconfigure.jdbc.DataSourceProperties' of type [org.springframework.boot.autoconfigure.jdbc.DataSourceProperties] is not eligible for getting processed by all BeanPostProcessors (for example: not eligible for auto-proxying)
2019-03-08 00:26:49.238  INFO 12548 --- [restartedMain] trationDelegate$BeanPostProcessorChecker : Bean 'org.springframework.boot.autoconfigure.jdbc.DataSourceInitializerInvoker' of type [org.springframework.boot.autoconfigure.jdbc.DataSourceInitializerInvoker] is not eligible for getting processed by all BeanPostProcessors (for example: not eligible for auto-proxying)
2019-03-08 00:26:49.239  INFO 12548 --- [restartedMain] trationDelegate$BeanPostProcessorChecker : Bean 'annotationDrivenTransactionManager' of type [org.springframework.jdbc.datasource.DataSourceTransactionManager] is not eligible for getting processed by all BeanPostProcessors (for example: not eligible for auto-proxying)
2019-03-08 00:26:49.240  INFO 12548 --- [restartedMain] trationDelegate$BeanPostProcessorChecker : Bean 'org.springframework.transaction.annotation.ProxyTransactionManagementConfiguration' of type [org.springframework.transaction.annotation.ProxyTransactionManagementConfiguration$$EnhancerBySpringCGLIB$$b136c6fa] is not eligible for getting processed by all BeanPostProcessors (for example: not eligible for auto-proxying)
2019-03-08 00:26:49.314  INFO 12548 --- [restartedMain] o.s.b.w.embedded.tomcat.TomcatWebServer  : Tomcat initialized with port(s): 8000 (http)
2019-03-08 00:26:49.316  INFO 12548 --- [restartedMain] o.apache.catalina.core.StandardService   : Starting service [Tomcat]
2019-03-08 00:26:49.317  INFO 12548 --- [restartedMain] org.apache.catalina.core.StandardEngine  : Starting Servlet engine: [Apache Tomcat/9.0.16]
2019-03-08 00:26:49.366  INFO 12548 --- [restartedMain] o.a.c.c.C.[Tomcat].[localhost].[/]       : Initializing Spring embedded WebApplicationContext
2019-03-08 00:26:49.366  INFO 12548 --- [restartedMain] o.s.web.context.ContextLoader            : Root WebApplicationContext: initialization completed in 1082 ms
2019-03-08 00:26:49.686  INFO 12548 --- [restartedMain] o.s.b.a.e.web.EndpointLinksResolver      : Exposing 2 endpoint(s) beneath base path '/actuator'
2019-03-08 00:26:49.738  INFO 12548 --- [restartedMain] c.pactera.gcw.common.CitiesInitializer   : Table GCW_CITY is existing.
2019-03-08 00:26:49.747  INFO 12548 --- [restartedMain] pertySourcedRequestMappingHandlerMapping : Mapped URL path [/v2/api-docs] onto method [public org.springframework.http.ResponseEntity<springfox.documentation.spring.web.json.Json> springfox.documentation.swagger2.web.Swagger2Controller.getDocumentation(java.lang.String,javax.servlet.http.HttpServletRequest)]
2019-03-08 00:26:49.800  INFO 12548 --- [restartedMain] o.s.s.concurrent.ThreadPoolTaskExecutor  : Initializing ExecutorService 'applicationTaskExecutor'
2019-03-08 00:26:49.805  INFO 12548 --- [restartedMain] o.s.b.d.a.OptionalLiveReloadServer       : LiveReload server is running on port 35729
2019-03-08 00:26:49.915  INFO 12548 --- [restartedMain] d.s.w.p.DocumentationPluginsBootstrapper : Context refreshed
2019-03-08 00:26:49.923  INFO 12548 --- [restartedMain] d.s.w.p.DocumentationPluginsBootstrapper : Found 1 custom documentation plugin(s)
2019-03-08 00:26:49.930  INFO 12548 --- [restartedMain] s.d.s.w.s.ApiListingReferenceScanner     : Scanning for api listing references
2019-03-08 00:26:49.943  INFO 12548 --- [restartedMain] o.s.b.w.embedded.tomcat.TomcatWebServer  : Tomcat started on port(s): 8000 (http) with context path ''
2019-03-08 00:26:49.945  INFO 12548 --- [restartedMain] c.p.gcw.GetCurrentWeatherApplication     : Started GetCurrentWeatherApplication in 1.719 seconds (JVM running for 4848.426)
2019-03-08 00:26:49.948  INFO 12548 --- [restartedMain] .ConditionEvaluationDeltaLoggingListener : Condition evaluation unchanged
2019-03-08 00:26:52.075  INFO 12548 --- [RMI TCP Connection(1)-192.168.195.1] o.a.c.c.C.[Tomcat].[localhost].[/]       : Initializing Spring DispatcherServlet 'dispatcherServlet'
2019-03-08 00:26:52.082  INFO 12548 --- [RMI TCP Connection(1)-192.168.195.1] o.s.web.servlet.DispatcherServlet        : Initializing Servlet 'dispatcherServlet'
2019-03-08 00:26:52.107  INFO 12548 --- [RMI TCP Connection(1)-192.168.195.1] o.s.web.servlet.DispatcherServlet        : Completed initialization in 25 ms
2019-03-08 00:27:19.079 DEBUG 12548 --- [http-nio-8000-exec-2] c.p.g.d.m.GcwCityMapper.selectByExample  : ==>  Preparing: select CODE, NAME from GCW_CITY 
2019-03-08 00:27:19.088 DEBUG 12548 --- [http-nio-8000-exec-2] c.p.g.d.m.GcwCityMapper.selectByExample  : ==> Parameters: 
2019-03-08 00:27:19.096 DEBUG 12548 --- [http-nio-8000-exec-2] c.p.g.d.m.GcwCityMapper.selectByExample  : <==      Total: 3
2019-03-08 00:27:35.428 DEBUG 12548 --- [http-nio-8000-exec-3] c.p.g.d.m.G.deleteByPrimaryKey           : ==>  Preparing: delete from GCW_CITY where CODE = ? 
2019-03-08 00:27:35.440 DEBUG 12548 --- [http-nio-8000-exec-3] c.p.g.d.m.G.deleteByPrimaryKey           : ==> Parameters: 101020100(String)
2019-03-08 00:27:35.441 DEBUG 12548 --- [http-nio-8000-exec-3] c.p.g.d.m.G.deleteByPrimaryKey           : <==    Updates: 1
2019-03-08 00:27:46.350 DEBUG 12548 --- [http-nio-8000-exec-4] c.p.g.d.m.G.deleteByPrimaryKey           : ==>  Preparing: delete from GCW_CITY where CODE = ? 
2019-03-08 00:27:46.357 DEBUG 12548 --- [http-nio-8000-exec-4] c.p.g.d.m.G.deleteByPrimaryKey           : ==> Parameters: 101010100(String)
2019-03-08 00:27:46.365 DEBUG 12548 --- [http-nio-8000-exec-4] c.p.g.d.m.G.deleteByPrimaryKey           : <==    Updates: 1
2019-03-08 00:27:57.860 DEBUG 12548 --- [http-nio-8000-exec-5] c.p.g.d.m.G.deleteByPrimaryKey           : ==>  Preparing: delete from GCW_CITY where CODE = ? 
2019-03-08 00:27:57.867 DEBUG 12548 --- [http-nio-8000-exec-5] c.p.g.d.m.G.deleteByPrimaryKey           : ==> Parameters: 101070201(String)
2019-03-08 00:27:57.868 DEBUG 12548 --- [http-nio-8000-exec-5] c.p.g.d.m.G.deleteByPrimaryKey           : <==    Updates: 1
2019-03-08 00:28:01.880 DEBUG 12548 --- [http-nio-8000-exec-6] c.p.g.d.m.GcwCityMapper.selectByExample  : ==>  Preparing: select CODE, NAME from GCW_CITY 
2019-03-08 00:28:01.891 DEBUG 12548 --- [http-nio-8000-exec-6] c.p.g.d.m.GcwCityMapper.selectByExample  : ==> Parameters: 
2019-03-08 00:28:01.897 DEBUG 12548 --- [http-nio-8000-exec-6] c.p.g.d.m.GcwCityMapper.selectByExample  : <==      Total: 0
2019-03-08 00:28:18.159 DEBUG 12548 --- [http-nio-8000-exec-7] c.p.gcw.dao.mapper.GcwCityMapper.insert  : ==>  Preparing: insert into GCW_CITY (CODE, NAME) values (?, ?) 
2019-03-08 00:28:18.167 DEBUG 12548 --- [http-nio-8000-exec-7] c.p.gcw.dao.mapper.GcwCityMapper.insert  : ==> Parameters: Dalian(String), Dalian(String)
2019-03-08 00:28:18.168 DEBUG 12548 --- [http-nio-8000-exec-7] c.p.gcw.dao.mapper.GcwCityMapper.insert  : <==    Updates: 1
2019-03-08 00:28:34.527 DEBUG 12548 --- [http-nio-8000-exec-8] c.p.gcw.dao.mapper.GcwCityMapper.insert  : ==>  Preparing: insert into GCW_CITY (CODE, NAME) values (?, ?) 
2019-03-08 00:28:34.533 DEBUG 12548 --- [http-nio-8000-exec-8] c.p.gcw.dao.mapper.GcwCityMapper.insert  : ==> Parameters: Beijing(String), Beijing(String)
2019-03-08 00:28:34.540 DEBUG 12548 --- [http-nio-8000-exec-8] c.p.gcw.dao.mapper.GcwCityMapper.insert  : <==    Updates: 1
2019-03-08 00:28:43.937 DEBUG 12548 --- [http-nio-8000-exec-9] c.p.gcw.dao.mapper.GcwCityMapper.insert  : ==>  Preparing: insert into GCW_CITY (CODE, NAME) values (?, ?) 
2019-03-08 00:28:43.946 DEBUG 12548 --- [http-nio-8000-exec-9] c.p.gcw.dao.mapper.GcwCityMapper.insert  : ==> Parameters: Shanghai(String), Shanghai(String)
2019-03-08 00:28:43.947 DEBUG 12548 --- [http-nio-8000-exec-9] c.p.gcw.dao.mapper.GcwCityMapper.insert  : <==    Updates: 1
2019-03-08 00:29:55.226 DEBUG 12548 --- [http-nio-8000-exec-1] c.p.gcw.dao.mapper.GcwCityMapper.insert  : ==>  Preparing: insert into GCW_CITY (CODE, NAME) values (?, ?) 
2019-03-08 00:29:55.232 DEBUG 12548 --- [http-nio-8000-exec-1] c.p.gcw.dao.mapper.GcwCityMapper.insert  : ==> Parameters: Sydney(String), Sydney(String)
2019-03-08 00:29:55.238 DEBUG 12548 --- [http-nio-8000-exec-1] c.p.gcw.dao.mapper.GcwCityMapper.insert  : <==    Updates: 1
2019-03-08 00:30:46.884 DEBUG 12548 --- [http-nio-8000-exec-3] c.p.gcw.dao.mapper.GcwCityMapper.insert  : ==>  Preparing: insert into GCW_CITY (CODE, NAME) values (?, ?) 
2019-03-08 00:30:46.893 DEBUG 12548 --- [http-nio-8000-exec-3] c.p.gcw.dao.mapper.GcwCityMapper.insert  : ==> Parameters: Melbourne(String), Melbourne(String)
2019-03-08 00:30:46.893 DEBUG 12548 --- [http-nio-8000-exec-3] c.p.gcw.dao.mapper.GcwCityMapper.insert  : <==    Updates: 1
2019-03-08 00:32:36.489 DEBUG 12548 --- [http-nio-8000-exec-6] c.p.gcw.dao.mapper.GcwCityMapper.insert  : ==>  Preparing: insert into GCW_CITY (CODE, NAME) values (?, ?) 
2019-03-08 00:32:36.495 DEBUG 12548 --- [http-nio-8000-exec-6] c.p.gcw.dao.mapper.GcwCityMapper.insert  : ==> Parameters: Perth(String), Perth(String)
2019-03-08 00:32:36.501 DEBUG 12548 --- [http-nio-8000-exec-6] c.p.gcw.dao.mapper.GcwCityMapper.insert  : <==    Updates: 1
2019-03-08 00:33:54.874  INFO 20852 --- [restartedMain] c.p.gcw.GetCurrentWeatherApplication     : Starting GetCurrentWeatherApplication on DESKTOP-FA5MHDS with PID 20852 (C:\study\workspace-os\GetCurrentWeather\target\classes started by dac in C:\study\workspace-os\GetCurrentWeather)
2019-03-08 00:33:54.877 DEBUG 20852 --- [restartedMain] c.p.gcw.GetCurrentWeatherApplication     : Running with Spring Boot v2.1.3.RELEASE, Spring v5.1.5.RELEASE
2019-03-08 00:33:54.878  INFO 20852 --- [restartedMain] c.p.gcw.GetCurrentWeatherApplication     : No active profile set, falling back to default profiles: default
2019-03-08 00:33:54.925  INFO 20852 --- [restartedMain] .e.DevToolsPropertyDefaultsPostProcessor : Devtools property defaults active! Set 'spring.devtools.add-properties' to 'false' to disable
2019-03-08 00:33:54.926  INFO 20852 --- [restartedMain] .e.DevToolsPropertyDefaultsPostProcessor : For additional web related logging consider setting the 'logging.level.web' property to 'DEBUG'
2019-03-08 00:33:56.227 DEBUG 20852 --- [restartedMain] org.apache.ibatis.logging.LogFactory     : Logging initialized using 'class org.apache.ibatis.logging.slf4j.Slf4jImpl' adapter.
2019-03-08 00:33:56.251  WARN 20852 --- [restartedMain] o.m.s.mapper.ClassPathMapperScanner      : No MyBatis mapper was found in '[com.pactera.gcw]' package. Please check your configuration.
2019-03-08 00:33:56.519  INFO 20852 --- [restartedMain] o.s.c.a.ConfigurationClassPostProcessor  : Cannot enhance @Configuration bean definition 'myBatisMapperScannerConfig' since its singleton instance has been created too early. The typical cause is a non-static @Bean method with a BeanDefinitionRegistryPostProcessor return type: Consider declaring such methods as 'static'.
2019-03-08 00:33:56.930  INFO 20852 --- [restartedMain] trationDelegate$BeanPostProcessorChecker : Bean 'druidDBConfig' of type [com.pactera.gcw.common.DruidDBConfig$$EnhancerBySpringCGLIB$$d2ca904e] is not eligible for getting processed by all BeanPostProcessors (for example: not eligible for auto-proxying)
2019-03-08 00:33:56.932  INFO 20852 --- [restartedMain] trationDelegate$BeanPostProcessorChecker : Bean 'myBatisConfig' of type [com.pactera.gcw.common.MyBatisConfig$$EnhancerBySpringCGLIB$$805ef621] is not eligible for getting processed by all BeanPostProcessors (for example: not eligible for auto-proxying)
2019-03-08 00:33:57.424  INFO 20852 --- [restartedMain] com.alibaba.druid.pool.DruidDataSource   : {dataSource-1} inited
2019-03-08 00:33:57.431  INFO 20852 --- [restartedMain] trationDelegate$BeanPostProcessorChecker : Bean 'dataSource' of type [com.alibaba.druid.pool.DruidDataSource] is not eligible for getting processed by all BeanPostProcessors (for example: not eligible for auto-proxying)
2019-03-08 00:33:57.486  INFO 20852 --- [restartedMain] trationDelegate$BeanPostProcessorChecker : Bean 'spring.datasource-org.springframework.boot.autoconfigure.jdbc.DataSourceProperties' of type [org.springframework.boot.autoconfigure.jdbc.DataSourceProperties] is not eligible for getting processed by all BeanPostProcessors (for example: not eligible for auto-proxying)
2019-03-08 00:33:57.496  INFO 20852 --- [restartedMain] trationDelegate$BeanPostProcessorChecker : Bean 'org.springframework.boot.autoconfigure.jdbc.DataSourceInitializerInvoker' of type [org.springframework.boot.autoconfigure.jdbc.DataSourceInitializerInvoker] is not eligible for getting processed by all BeanPostProcessors (for example: not eligible for auto-proxying)
2019-03-08 00:33:57.509  INFO 20852 --- [restartedMain] trationDelegate$BeanPostProcessorChecker : Bean 'annotationDrivenTransactionManager' of type [org.springframework.jdbc.datasource.DataSourceTransactionManager] is not eligible for getting processed by all BeanPostProcessors (for example: not eligible for auto-proxying)
2019-03-08 00:33:57.511  INFO 20852 --- [restartedMain] trationDelegate$BeanPostProcessorChecker : Bean 'org.springframework.transaction.annotation.ProxyTransactionManagementConfiguration' of type [org.springframework.transaction.annotation.ProxyTransactionManagementConfiguration$$EnhancerBySpringCGLIB$$3bb590ce] is not eligible for getting processed by all BeanPostProcessors (for example: not eligible for auto-proxying)
2019-03-08 00:33:58.063  INFO 20852 --- [restartedMain] o.s.b.w.embedded.tomcat.TomcatWebServer  : Tomcat initialized with port(s): 8000 (http)
2019-03-08 00:33:58.119  INFO 20852 --- [restartedMain] o.apache.catalina.core.StandardService   : Starting service [Tomcat]
2019-03-08 00:33:58.123  INFO 20852 --- [restartedMain] org.apache.catalina.core.StandardEngine  : Starting Servlet engine: [Apache Tomcat/9.0.16]
2019-03-08 00:33:58.149  INFO 20852 --- [restartedMain] o.a.catalina.core.AprLifecycleListener   : The APR based Apache Tomcat Native library which allows optimal performance in production environments was not found on the java.library.path: [C:\study\software\jdk-11.0.1\bin;C:\Windows\Sun\Java\bin;C:\Windows\system32;C:\Windows;C:/study/software/jdk-11.0.1/bin/server;C:/study/software/jdk-11.0.1/bin;D:\app\dac\product\11.2.0\dbhome_2\bin;C:\study\software\jdk-11.0.1\bin;D:\study\app\oracle\product\12.2.0\dbhome_1\bin;C:\Program Files (x86)\SmartGit\git\cmd;C:\study\maven\apache-maven-3.5.3\bin;C:\study\software\mysql-5.7.19-winx64\bin;C:\study\software\jdk-11.0.1\bin;C:\ProgramData\Oracle\Java\javapath;C:\Windows\system32;C:\Windows;C:\Windows\System32\Wbem;C:\Windows\System32\WindowsPowerShell\v1.0\;C:\Program Files\Intel\WiFi\bin\;C:\Program Files\Common Files\Intel\WirelessCommon\;C:\Program Files\nodejs\;C:\Program Files\Intel\WiFi\bin\;C:\Program Files\Common Files\Intel\WirelessCommon\;C:\Users\dac\AppData\Roaming\npm;C:\study\software\sts4.0.1\sts-4.0.1.RELEASE;;.]
2019-03-08 00:33:58.277  INFO 20852 --- [restartedMain] o.a.c.c.C.[Tomcat].[localhost].[/]       : Initializing Spring embedded WebApplicationContext
2019-03-08 00:33:58.277  INFO 20852 --- [restartedMain] o.s.web.context.ContextLoader            : Root WebApplicationContext: initialization completed in 3351 ms
2019-03-08 00:33:59.502  INFO 20852 --- [restartedMain] o.s.b.a.e.web.EndpointLinksResolver      : Exposing 2 endpoint(s) beneath base path '/actuator'
2019-03-08 00:33:59.608  INFO 20852 --- [restartedMain] c.pactera.gcw.common.CitiesInitializer   : Table GCW_CITY is existing.
2019-03-08 00:33:59.640  INFO 20852 --- [restartedMain] pertySourcedRequestMappingHandlerMapping : Mapped URL path [/v2/api-docs] onto method [public org.springframework.http.ResponseEntity<springfox.documentation.spring.web.json.Json> springfox.documentation.swagger2.web.Swagger2Controller.getDocumentation(java.lang.String,javax.servlet.http.HttpServletRequest)]
2019-03-08 00:33:59.860  INFO 20852 --- [restartedMain] o.s.s.concurrent.ThreadPoolTaskExecutor  : Initializing ExecutorService 'applicationTaskExecutor'
2019-03-08 00:33:59.891  INFO 20852 --- [restartedMain] o.s.b.d.a.OptionalLiveReloadServer       : LiveReload server is running on port 35729
2019-03-08 00:34:00.210  INFO 20852 --- [restartedMain] d.s.w.p.DocumentationPluginsBootstrapper : Context refreshed
2019-03-08 00:34:00.239  INFO 20852 --- [restartedMain] d.s.w.p.DocumentationPluginsBootstrapper : Found 1 custom documentation plugin(s)
2019-03-08 00:34:00.271  INFO 20852 --- [restartedMain] s.d.s.w.s.ApiListingReferenceScanner     : Scanning for api listing references
2019-03-08 00:34:00.324  INFO 20852 --- [restartedMain] o.s.b.w.embedded.tomcat.TomcatWebServer  : Tomcat started on port(s): 8000 (http) with context path ''
2019-03-08 00:34:00.328  INFO 20852 --- [restartedMain] c.p.gcw.GetCurrentWeatherApplication     : Started GetCurrentWeatherApplication in 5.939 seconds (JVM running for 6.535)
2019-03-08 00:34:07.238  INFO 20852 --- [RMI TCP Connection(1)-192.168.195.1] o.a.c.c.C.[Tomcat].[localhost].[/]       : Initializing Spring DispatcherServlet 'dispatcherServlet'
2019-03-08 00:34:07.258  INFO 20852 --- [RMI TCP Connection(1)-192.168.195.1] o.s.web.servlet.DispatcherServlet        : Initializing Servlet 'dispatcherServlet'
2019-03-08 00:34:07.276  INFO 20852 --- [RMI TCP Connection(1)-192.168.195.1] o.s.web.servlet.DispatcherServlet        : Completed initialization in 11 ms
2019-03-08 00:34:49.912  INFO 20852 --- [Thread-7] o.s.s.concurrent.ThreadPoolTaskExecutor  : Shutting down ExecutorService 'applicationTaskExecutor'
2019-03-08 00:34:49.942  INFO 20852 --- [Thread-7] com.alibaba.druid.pool.DruidDataSource   : {dataSource-1} closed
2019-03-08 00:34:50.233 DEBUG 20852 --- [restartedMain] c.p.gcw.GetCurrentWeatherApplication     : gcw system start...
2019-03-08 00:34:50.286  INFO 20852 --- [restartedMain] c.p.gcw.GetCurrentWeatherApplication     : Starting GetCurrentWeatherApplication on DESKTOP-FA5MHDS with PID 20852 (C:\study\workspace-os\GetCurrentWeather\target\classes started by dac in C:\study\workspace-os\GetCurrentWeather)
2019-03-08 00:34:50.286 DEBUG 20852 --- [restartedMain] c.p.gcw.GetCurrentWeatherApplication     : Running with Spring Boot v2.1.3.RELEASE, Spring v5.1.5.RELEASE
2019-03-08 00:34:50.286  INFO 20852 --- [restartedMain] c.p.gcw.GetCurrentWeatherApplication     : No active profile set, falling back to default profiles: default
2019-03-08 00:34:50.891  WARN 20852 --- [restartedMain] o.m.s.mapper.ClassPathMapperScanner      : No MyBatis mapper was found in '[com.pactera.gcw]' package. Please check your configuration.
2019-03-08 00:34:50.989  INFO 20852 --- [restartedMain] o.s.c.a.ConfigurationClassPostProcessor  : Cannot enhance @Configuration bean definition 'myBatisMapperScannerConfig' since its singleton instance has been created too early. The typical cause is a non-static @Bean method with a BeanDefinitionRegistryPostProcessor return type: Consider declaring such methods as 'static'.
2019-03-08 00:34:51.024  INFO 20852 --- [restartedMain] trationDelegate$BeanPostProcessorChecker : Bean 'druidDBConfig' of type [com.pactera.gcw.common.DruidDBConfig$$EnhancerBySpringCGLIB$$d2ca904e] is not eligible for getting processed by all BeanPostProcessors (for example: not eligible for auto-proxying)
2019-03-08 00:34:51.025  INFO 20852 --- [restartedMain] trationDelegate$BeanPostProcessorChecker : Bean 'myBatisConfig' of type [com.pactera.gcw.common.MyBatisConfig$$EnhancerBySpringCGLIB$$805ef621] is not eligible for getting processed by all BeanPostProcessors (for example: not eligible for auto-proxying)
2019-03-08 00:34:51.047  INFO 20852 --- [restartedMain] com.alibaba.druid.pool.DruidDataSource   : {dataSource-2} inited
2019-03-08 00:34:51.048  INFO 20852 --- [restartedMain] trationDelegate$BeanPostProcessorChecker : Bean 'dataSource' of type [com.alibaba.druid.pool.DruidDataSource] is not eligible for getting processed by all BeanPostProcessors (for example: not eligible for auto-proxying)
2019-03-08 00:34:51.058  INFO 20852 --- [restartedMain] trationDelegate$BeanPostProcessorChecker : Bean 'spring.datasource-org.springframework.boot.autoconfigure.jdbc.DataSourceProperties' of type [org.springframework.boot.autoconfigure.jdbc.DataSourceProperties] is not eligible for getting processed by all BeanPostProcessors (for example: not eligible for auto-proxying)
2019-03-08 00:34:51.061  INFO 20852 --- [restartedMain] trationDelegate$BeanPostProcessorChecker : Bean 'org.springframework.boot.autoconfigure.jdbc.DataSourceInitializerInvoker' of type [org.springframework.boot.autoconfigure.jdbc.DataSourceInitializerInvoker] is not eligible for getting processed by all BeanPostProcessors (for example: not eligible for auto-proxying)
2019-03-08 00:34:51.061  INFO 20852 --- [restartedMain] trationDelegate$BeanPostProcessorChecker : Bean 'annotationDrivenTransactionManager' of type [org.springframework.jdbc.datasource.DataSourceTransactionManager] is not eligible for getting processed by all BeanPostProcessors (for example: not eligible for auto-proxying)
2019-03-08 00:34:51.062  INFO 20852 --- [restartedMain] trationDelegate$BeanPostProcessorChecker : Bean 'org.springframework.transaction.annotation.ProxyTransactionManagementConfiguration' of type [org.springframework.transaction.annotation.ProxyTransactionManagementConfiguration$$EnhancerBySpringCGLIB$$3bb590ce] is not eligible for getting processed by all BeanPostProcessors (for example: not eligible for auto-proxying)
2019-03-08 00:34:51.124  INFO 20852 --- [restartedMain] o.s.b.w.embedded.tomcat.TomcatWebServer  : Tomcat initialized with port(s): 8000 (http)
2019-03-08 00:34:51.131  INFO 20852 --- [restartedMain] o.apache.catalina.core.StandardService   : Starting service [Tomcat]
2019-03-08 00:34:51.135  INFO 20852 --- [restartedMain] org.apache.catalina.core.StandardEngine  : Starting Servlet engine: [Apache Tomcat/9.0.16]
2019-03-08 00:34:51.173  INFO 20852 --- [restartedMain] o.a.c.c.C.[Tomcat].[localhost].[/]       : Initializing Spring embedded WebApplicationContext
2019-03-08 00:34:51.173  INFO 20852 --- [restartedMain] o.s.web.context.ContextLoader            : Root WebApplicationContext: initialization completed in 884 ms
2019-03-08 00:34:51.462  INFO 20852 --- [restartedMain] o.s.b.a.e.web.EndpointLinksResolver      : Exposing 2 endpoint(s) beneath base path '/actuator'
2019-03-08 00:34:51.498  INFO 20852 --- [restartedMain] c.pactera.gcw.common.CitiesInitializer   : Table GCW_CITY is existing.
2019-03-08 00:34:51.509  INFO 20852 --- [restartedMain] pertySourcedRequestMappingHandlerMapping : Mapped URL path [/v2/api-docs] onto method [public org.springframework.http.ResponseEntity<springfox.documentation.spring.web.json.Json> springfox.documentation.swagger2.web.Swagger2Controller.getDocumentation(java.lang.String,javax.servlet.http.HttpServletRequest)]
2019-03-08 00:34:51.565  INFO 20852 --- [restartedMain] o.s.s.concurrent.ThreadPoolTaskExecutor  : Initializing ExecutorService 'applicationTaskExecutor'
2019-03-08 00:34:51.574  INFO 20852 --- [restartedMain] o.s.b.d.a.OptionalLiveReloadServer       : LiveReload server is running on port 35729
2019-03-08 00:34:51.687  INFO 20852 --- [restartedMain] d.s.w.p.DocumentationPluginsBootstrapper : Context refreshed
2019-03-08 00:34:51.694  INFO 20852 --- [restartedMain] d.s.w.p.DocumentationPluginsBootstrapper : Found 1 custom documentation plugin(s)
2019-03-08 00:34:51.701  INFO 20852 --- [restartedMain] s.d.s.w.s.ApiListingReferenceScanner     : Scanning for api listing references
2019-03-08 00:34:51.711  INFO 20852 --- [restartedMain] o.s.b.w.embedded.tomcat.TomcatWebServer  : Tomcat started on port(s): 8000 (http) with context path ''
2019-03-08 00:34:51.712  INFO 20852 --- [restartedMain] c.p.gcw.GetCurrentWeatherApplication     : Started GetCurrentWeatherApplication in 1.471 seconds (JVM running for 57.919)
2019-03-08 00:34:51.718  INFO 20852 --- [restartedMain] .ConditionEvaluationDeltaLoggingListener : Condition evaluation unchanged
2019-03-08 00:34:52.072  INFO 20852 --- [RMI TCP Connection(1)-192.168.195.1] o.a.c.c.C.[Tomcat].[localhost].[/]       : Initializing Spring DispatcherServlet 'dispatcherServlet'
2019-03-08 00:34:52.072  INFO 20852 --- [RMI TCP Connection(1)-192.168.195.1] o.s.web.servlet.DispatcherServlet        : Initializing Servlet 'dispatcherServlet'
2019-03-08 00:34:52.076  INFO 20852 --- [RMI TCP Connection(1)-192.168.195.1] o.s.web.servlet.DispatcherServlet        : Completed initialization in 4 ms
2019-03-08 00:43:51.181 ERROR 20852 --- [http-nio-8000-exec-4] c.pactera.gcw.service.GetWeatherService  : Fail to get Weather info from http://api.apixu.com/v1/current.json?key=b8ff99e79c9340d79fa161843190703&q=

java.io.IOException: Server returned HTTP response code: 400 for URL: http://api.apixu.com/v1/current.json?key=b8ff99e79c9340d79fa161843190703&q=afafsadf
	at java.base/sun.net.www.protocol.http.HttpURLConnection.getInputStream0(HttpURLConnection.java:1913) ~[na:na]
	at java.base/sun.net.www.protocol.http.HttpURLConnection.getInputStream(HttpURLConnection.java:1509) ~[na:na]
	at java.base/java.net.URL.openStream(URL.java:1117) ~[na:na]
	at com.pactera.gcw.service.GetWeatherService.getWeather(GetWeatherService.java:37) ~[classes/:na]
	at com.pactera.gcw.controller.GetWeatherController.getWeatherInfo(GetWeatherController.java:23) ~[classes/:na]
	at java.base/jdk.internal.reflect.NativeMethodAccessorImpl.invoke0(Native Method) ~[na:na]
	at java.base/jdk.internal.reflect.NativeMethodAccessorImpl.invoke(NativeMethodAccessorImpl.java:62) ~[na:na]
	at java.base/jdk.internal.reflect.DelegatingMethodAccessorImpl.invoke(DelegatingMethodAccessorImpl.java:43) ~[na:na]
	at java.base/java.lang.reflect.Method.invoke(Method.java:566) ~[na:na]
	at org.springframework.web.method.support.InvocableHandlerMethod.doInvoke(InvocableHandlerMethod.java:189) ~[spring-web-5.1.5.RELEASE.jar:5.1.5.RELEASE]
	at org.springframework.web.method.support.InvocableHandlerMethod.invokeForRequest(InvocableHandlerMethod.java:138) ~[spring-web-5.1.5.RELEASE.jar:5.1.5.RELEASE]
	at org.springframework.web.servlet.mvc.method.annotation.ServletInvocableHandlerMethod.invokeAndHandle(ServletInvocableHandlerMethod.java:102) ~[spring-webmvc-5.1.5.RELEASE.jar:5.1.5.RELEASE]
	at org.springframework.web.servlet.mvc.method.annotation.RequestMappingHandlerAdapter.invokeHandlerMethod(RequestMappingHandlerAdapter.java:895) ~[spring-webmvc-5.1.5.RELEASE.jar:5.1.5.RELEASE]
	at org.springframework.web.servlet.mvc.method.annotation.RequestMappingHandlerAdapter.handleInternal(RequestMappingHandlerAdapter.java:800) ~[spring-webmvc-5.1.5.RELEASE.jar:5.1.5.RELEASE]
	at org.springframework.web.servlet.mvc.method.AbstractHandlerMethodAdapter.handle(AbstractHandlerMethodAdapter.java:87) ~[spring-webmvc-5.1.5.RELEASE.jar:5.1.5.RELEASE]
	at org.springframework.web.servlet.DispatcherServlet.doDispatch(DispatcherServlet.java:1038) ~[spring-webmvc-5.1.5.RELEASE.jar:5.1.5.RELEASE]
	at org.springframework.web.servlet.DispatcherServlet.doService(DispatcherServlet.java:942) ~[spring-webmvc-5.1.5.RELEASE.jar:5.1.5.RELEASE]
	at org.springframework.web.servlet.FrameworkServlet.processRequest(FrameworkServlet.java:1005) ~[spring-webmvc-5.1.5.RELEASE.jar:5.1.5.RELEASE]
	at org.springframework.web.servlet.FrameworkServlet.doGet(FrameworkServlet.java:897) ~[spring-webmvc-5.1.5.RELEASE.jar:5.1.5.RELEASE]
	at javax.servlet.http.HttpServlet.service(HttpServlet.java:634) ~[tomcat-embed-core-9.0.16.jar:9.0.16]
	at org.springframework.web.servlet.FrameworkServlet.service(FrameworkServlet.java:882) ~[spring-webmvc-5.1.5.RELEASE.jar:5.1.5.RELEASE]
	at javax.servlet.http.HttpServlet.service(HttpServlet.java:741) ~[tomcat-embed-core-9.0.16.jar:9.0.16]
	at org.apache.catalina.core.ApplicationFilterChain.internalDoFilter(ApplicationFilterChain.java:231) ~[tomcat-embed-core-9.0.16.jar:9.0.16]
	at org.apache.catalina.core.ApplicationFilterChain.doFilter(ApplicationFilterChain.java:166) ~[tomcat-embed-core-9.0.16.jar:9.0.16]
	at org.apache.tomcat.websocket.server.WsFilter.doFilter(WsFilter.java:53) ~[tomcat-embed-websocket-9.0.16.jar:9.0.16]
	at org.apache.catalina.core.ApplicationFilterChain.internalDoFilter(ApplicationFilterChain.java:193) ~[tomcat-embed-core-9.0.16.jar:9.0.16]
	at org.apache.catalina.core.ApplicationFilterChain.doFilter(ApplicationFilterChain.java:166) ~[tomcat-embed-core-9.0.16.jar:9.0.16]
	at org.springframework.boot.actuate.web.trace.servlet.HttpTraceFilter.doFilterInternal(HttpTraceFilter.java:90) ~[spring-boot-actuator-2.1.3.RELEASE.jar:2.1.3.RELEASE]
	at org.springframework.web.filter.OncePerRequestFilter.doFilter(OncePerRequestFilter.java:107) ~[spring-web-5.1.5.RELEASE.jar:5.1.5.RELEASE]
	at org.apache.catalina.core.ApplicationFilterChain.internalDoFilter(ApplicationFilterChain.java:193) ~[tomcat-embed-core-9.0.16.jar:9.0.16]
	at org.apache.catalina.core.ApplicationFilterChain.doFilter(ApplicationFilterChain.java:166) ~[tomcat-embed-core-9.0.16.jar:9.0.16]
	at org.springframework.web.filter.RequestContextFilter.doFilterInternal(RequestContextFilter.java:99) ~[spring-web-5.1.5.RELEASE.jar:5.1.5.RELEASE]
	at org.springframework.web.filter.OncePerRequestFilter.doFilter(OncePerRequestFilter.java:107) ~[spring-web-5.1.5.RELEASE.jar:5.1.5.RELEASE]
	at org.apache.catalina.core.ApplicationFilterChain.internalDoFilter(ApplicationFilterChain.java:193) ~[tomcat-embed-core-9.0.16.jar:9.0.16]
	at org.apache.catalina.core.ApplicationFilterChain.doFilter(ApplicationFilterChain.java:166) ~[tomcat-embed-core-9.0.16.jar:9.0.16]
	at org.springframework.web.filter.FormContentFilter.doFilterInternal(FormContentFilter.java:92) ~[spring-web-5.1.5.RELEASE.jar:5.1.5.RELEASE]
	at org.springframework.web.filter.OncePerRequestFilter.doFilter(OncePerRequestFilter.java:107) ~[spring-web-5.1.5.RELEASE.jar:5.1.5.RELEASE]
	at org.apache.catalina.core.ApplicationFilterChain.internalDoFilter(ApplicationFilterChain.java:193) ~[tomcat-embed-core-9.0.16.jar:9.0.16]
	at org.apache.catalina.core.ApplicationFilterChain.doFilter(ApplicationFilterChain.java:166) ~[tomcat-embed-core-9.0.16.jar:9.0.16]
	at org.springframework.web.filter.HiddenHttpMethodFilter.doFilterInternal(HiddenHttpMethodFilter.java:93) ~[spring-web-5.1.5.RELEASE.jar:5.1.5.RELEASE]
	at org.springframework.web.filter.OncePerRequestFilter.doFilter(OncePerRequestFilter.java:107) ~[spring-web-5.1.5.RELEASE.jar:5.1.5.RELEASE]
	at org.apache.catalina.core.ApplicationFilterChain.internalDoFilter(ApplicationFilterChain.java:193) ~[tomcat-embed-core-9.0.16.jar:9.0.16]
	at org.apache.catalina.core.ApplicationFilterChain.doFilter(ApplicationFilterChain.java:166) ~[tomcat-embed-core-9.0.16.jar:9.0.16]
	at org.springframework.boot.actuate.metrics.web.servlet.WebMvcMetricsFilter.filterAndRecordMetrics(WebMvcMetricsFilter.java:117) ~[spring-boot-actuator-2.1.3.RELEASE.jar:2.1.3.RELEASE]
	at org.springframework.boot.actuate.metrics.web.servlet.WebMvcMetricsFilter.doFilterInternal(WebMvcMetricsFilter.java:106) ~[spring-boot-actuator-2.1.3.RELEASE.jar:2.1.3.RELEASE]
	at org.springframework.web.filter.OncePerRequestFilter.doFilter(OncePerRequestFilter.java:107) ~[spring-web-5.1.5.RELEASE.jar:5.1.5.RELEASE]
	at org.apache.catalina.core.ApplicationFilterChain.internalDoFilter(ApplicationFilterChain.java:193) ~[tomcat-embed-core-9.0.16.jar:9.0.16]
	at org.apache.catalina.core.ApplicationFilterChain.doFilter(ApplicationFilterChain.java:166) ~[tomcat-embed-core-9.0.16.jar:9.0.16]
	at org.springframework.web.filter.CharacterEncodingFilter.doFilterInternal(CharacterEncodingFilter.java:200) ~[spring-web-5.1.5.RELEASE.jar:5.1.5.RELEASE]
	at org.springframework.web.filter.OncePerRequestFilter.doFilter(OncePerRequestFilter.java:107) ~[spring-web-5.1.5.RELEASE.jar:5.1.5.RELEASE]
	at org.apache.catalina.core.ApplicationFilterChain.internalDoFilter(ApplicationFilterChain.java:193) ~[tomcat-embed-core-9.0.16.jar:9.0.16]
	at org.apache.catalina.core.ApplicationFilterChain.doFilter(ApplicationFilterChain.java:166) ~[tomcat-embed-core-9.0.16.jar:9.0.16]
	at org.apache.catalina.core.StandardWrapperValve.invoke(StandardWrapperValve.java:200) ~[tomcat-embed-core-9.0.16.jar:9.0.16]
	at org.apache.catalina.core.StandardContextValve.invoke(StandardContextValve.java:96) ~[tomcat-embed-core-9.0.16.jar:9.0.16]
	at org.apache.catalina.authenticator.AuthenticatorBase.invoke(AuthenticatorBase.java:490) ~[tomcat-embed-core-9.0.16.jar:9.0.16]
	at org.apache.catalina.core.StandardHostValve.invoke(StandardHostValve.java:139) ~[tomcat-embed-core-9.0.16.jar:9.0.16]
	at org.apache.catalina.valves.ErrorReportValve.invoke(ErrorReportValve.java:92) ~[tomcat-embed-core-9.0.16.jar:9.0.16]
	at org.apache.catalina.core.StandardEngineValve.invoke(StandardEngineValve.java:74) ~[tomcat-embed-core-9.0.16.jar:9.0.16]
	at org.apache.catalina.connector.CoyoteAdapter.service(CoyoteAdapter.java:343) ~[tomcat-embed-core-9.0.16.jar:9.0.16]
	at org.apache.coyote.http11.Http11Processor.service(Http11Processor.java:408) ~[tomcat-embed-core-9.0.16.jar:9.0.16]
	at org.apache.coyote.AbstractProcessorLight.process(AbstractProcessorLight.java:66) ~[tomcat-embed-core-9.0.16.jar:9.0.16]
	at org.apache.coyote.AbstractProtocol$ConnectionHandler.process(AbstractProtocol.java:834) ~[tomcat-embed-core-9.0.16.jar:9.0.16]
	at org.apache.tomcat.util.net.NioEndpoint$SocketProcessor.doRun(NioEndpoint.java:1415) ~[tomcat-embed-core-9.0.16.jar:9.0.16]
	at org.apache.tomcat.util.net.SocketProcessorBase.run(SocketProcessorBase.java:49) ~[tomcat-embed-core-9.0.16.jar:9.0.16]
	at java.base/java.util.concurrent.ThreadPoolExecutor.runWorker(ThreadPoolExecutor.java:1128) ~[na:na]
	at java.base/java.util.concurrent.ThreadPoolExecutor$Worker.run(ThreadPoolExecutor.java:628) ~[na:na]
	at org.apache.tomcat.util.threads.TaskThread$WrappingRunnable.run(TaskThread.java:61) ~[tomcat-embed-core-9.0.16.jar:9.0.16]
	at java.base/java.lang.Thread.run(Thread.java:834) ~[na:na]

2019-03-08 00:45:20.864 DEBUG 20852 --- [http-nio-8000-exec-8] c.p.g.d.m.GcwCityMapper.selectByExample  : ==>  Preparing: select CODE, NAME from GCW_CITY 
2019-03-08 00:45:20.893 DEBUG 20852 --- [http-nio-8000-exec-8] c.p.g.d.m.GcwCityMapper.selectByExample  : ==> Parameters: 
2019-03-08 00:45:20.912 DEBUG 20852 --- [http-nio-8000-exec-8] c.p.g.d.m.GcwCityMapper.selectByExample  : <==      Total: 6
